[www.jili17888.com/index.html]
[static.wixstatic.com/media/1b25b2_268084647bc44380a8c36b5d65e32de6_mv2.png/v1/fill/w_192,h_192,lg_1,usm_0.66_1.00_0.01/1b25b2_268084647bc44380a8c36b5d65e32de6_mv2.png]
[static.wixstatic.com/media/1b25b2_268084647bc44380a8c36b5d65e32de6_mv2.png/v1/fill/w_32,h_32,lg_1,usm_0.66_1.00_0.01/1b25b2_268084647bc44380a8c36b5d65e32de6_mv2.png]
[static.wixstatic.com/media/1b25b2_268084647bc44380a8c36b5d65e32de6_mv2.png/v1/fill/w_180,h_180,lg_1,usm_0.66_1.00_0.01/1b25b2_268084647bc44380a8c36b5d65e32de6_mv2.png]
[static.parastorage.com/unpkg/core-js-bundle@3.2.1/minified.js]
[static.parastorage.com/unpkg/focus-within-polyfill@5.0.9/dist/focus-within-polyfill.js]
[www.jili17888.com/s.6.delayed]
[www.jili17888.com/t.7.delayed]
[backblue.gif]
[fade.gif]
[index.html]
[polyfill-fastly.io/v3/polyfill.mind82c.js]
[static.wixstatic.com/media/1b25b2_5664bd8cc3c046e58ca74d1bec9f0af1_mv2.png/v1/fill/w_450,h_330,al_c/1b25b2_5664bd8cc3c046e58ca74d1bec9f0af1_mv25e23.png]
[static.wixstatic.com/media/1b25b2_4d794c9415cc4bd58ca4166ae1db9a32_mv2.png/v1/fill/w_450,h_330,al_c/1b25b2_4d794c9415cc4bd58ca4166ae1db9a32_mv2dd06.png]
[static.wixstatic.com/media/1b25b2_e6323d57a6864eedaeb07719c97f9142_mv2.png/v1/fill/w_450,h_330,al_c/1b25b2_e6323d57a6864eedaeb07719c97f9142_mv28e8d.png]
[www.jili17888.com/blog-feed.xml]
[static.wixstatic.com/media/1b25b2_1f9f3c67fe0e443bbb560117447b979c_mv2.png/v1/fill/w_450,h_330,al_c/1b25b2_1f9f3c67fe0e443bbb560117447b979c_mv24977.png]
[static.wixstatic.com/media/1b25b2_e6350999341a4a89af44c2e9e896025c_mv2.png/v1/fill/w_450,h_330,al_c/1b25b2_e6350999341a4a89af44c2e9e896025c_mv2c199.png]
[static.wixstatic.com/media/1b25b2_604a9e59138a4c5780af7052b0fd959c_mv2.png/v1/fill/w_450,h_330,al_c/1b25b2_604a9e59138a4c5780af7052b0fd959c_mv2da44.png]
[static.wixstatic.com/media/1b25b2_a6cb3159009a4709b34f3e8d74d5abee_mv2.png/v1/fill/w_450,h_330,al_c/1b25b2_a6cb3159009a4709b34f3e8d74d5abee_mv22c98.png]
[static.wixstatic.com/media/1b25b2_d6c8ec9a63664400a357f9e328bd22e8_mv2.png/v1/fill/w_450,h_330,al_c/1b25b2_d6c8ec9a63664400a357f9e328bd22e8_mv2d4cf.png]
[static.wixstatic.com/media/1b25b2_09b63a6a6ea445a5bdc5bd81c7e01dfb_mv2.png/v1/fill/w_450,h_330,al_c/1b25b2_09b63a6a6ea445a5bdc5bd81c7e01dfb_mv20925.png]
[static.wixstatic.com/media/1b25b2_3227ea617446419ab3a3f994023dbe97_mv2.png/v1/fill/w_450,h_330,al_c/1b25b2_3227ea617446419ab3a3f994023dbe97_mv26eea.png]
[static.wixstatic.com/media/1b25b2_f2babfb853224c57831a09f5a0756c3c_mv2.jpg/v1/fill/w_288,h_162,al_c,q_80,usm_0.66_1.00_0.01,blur_2,enc_avif,quality_auto/1b25b2_f2babfb853224c57831a09f5a0756c3c_mv2.jpg]
[static.wixstatic.com/media/167697_93230b637e694a47a235776cd78ed2a2_mv2.png/v1/crop/x_7,y_0,w_213,h_80/fill/w_145,h_55,al_c,q_85,usm_0.66_1.00_0.01,enc_avif,quality_auto/220x80.png]
[www.jili17888.com/best-jili-slot-game.html]
[www.jili17888.com/welcome-bonus-150.html]
[www.jili17888.com/jili178news.html]
[www.jili17888.com/jilibet-login.html]
[www.jili17888.com/jili777-casino-login.html]
[www.jili17888.com/jili178agent.html]
[www.jili17888.com/games.html]
[www.jili17888.com/jiliko-casino-free-bonus.html]
[www.jili17888.com/fc178-casino.html]
[www.jili17888.com/deposit-and-wthdrawals.html]
[static.wixstatic.com/media/1b25b2_44890ab433804907bd12e51f68ae5ab0_mv2.png/v1/fill/w_149,h_45,al_c,q_85,usm_0.66_1.00_0.01,enc_avif,quality_auto/login_btn_login_normal.png]
[www.jili17888.com/faq.html]
[static.wixstatic.com/media/1b25b2_34dd71dc8998465e9a224d65a42030c9_mv2.png/v1/fill/w_149,h_45,al_c,q_85,usm_0.66_1.00_0.01,enc_avif,quality_auto/login_btn_signup_normal.png]
[static.wixstatic.com/media/38a25b_a1816bf1ed194b0ca829188efae7fce9_mv2.jpg/v1/fill/w_485,h_101,al_c,q_80,usm_0.66_1.00_0.01,enc_avif,quality_auto/38a25b_a1816bf1ed194b0ca829188efae7fce9_mv2.jpg]
[static.wixstatic.com/media/38a25b_ada4c273b0c54e18acb818369abfe091_mv2.gif]
[static.wixstatic.com/media/1b25b2_34dd71dc8998465e9a224d65a42030c9_mv2.png/v1/fill/w_213,h_64,al_c,q_85,usm_0.66_1.00_0.01,enc_avif,quality_auto/login_btn_signup_normal.png]
[static.wixstatic.com/media/1b25b2_d8af36d7e63e416c8f126b14b0b93176f000.jpg/v1/fill/w_147,h_83,al_c,q_80,usm_0.66_1.00_0.01,blur_2,enc_avif,quality_auto/1b25b2_d8af36d7e63e416c8f126b14b0b93176f000.jpg]
[static.wixstatic.com/media/38a25b_7a670d543ede47a38a3d29f8572eb3e8_mv2.gif/v1/fill/w_147,h_147,al_c,usm_0.66_1.00_0.01,blur_2,pstr/38a25b_7a670d543ede47a38a3d29f8572eb3e8_mv2.gif]
[static.wixstatic.com/media/38a25b_4cd280adea5f43dbb3a5f4c2a613d19a_mv2.jpg/v1/fill/w_147,h_147,al_c,q_80,usm_0.66_1.00_0.01,blur_2,enc_avif,quality_auto/38a25b_4cd280adea5f43dbb3a5f4c2a613d19a_mv2.jpg]
[static.wixstatic.com/media/38a25b_e3e94eb9f9f5436ba56657e734065fad_mv2.jpg/v1/fill/w_147,h_147,al_c,q_80,usm_0.66_1.00_0.01,blur_2,enc_avif,quality_auto/38a25b_e3e94eb9f9f5436ba56657e734065fad_mv2.jpg]
[static.wixstatic.com/media/1b25b2_34b67a16665a407284b6d662ae9c0beb_mv2.jpg/v1/fill/w_133,h_75,al_c,q_80,usm_0.66_1.00_0.01,blur_2,enc_avif,quality_auto/1b25b2_34b67a16665a407284b6d662ae9c0beb_mv2.jpg]
[static.wixstatic.com/media/1b25b2_cb210d02aaa44222a4d7ca9070bacb23_mv2.png/v1/crop/x_602,y_0,w_2720,h_185/fill/w_81,h_6,al_c,q_85,usm_0.66_1.00_0.01,blur_2,en/178JILI_home_top_bar.png]
[static.wixstatic.com/media/1b25b2_a1e04d2c3762497f92c2f49afebdef87_mv2.png/v1/fill/w_94,h_301,al_c,q_85,usm_0.66_1.00_0.01,blur_3,enc_avif,quality_auto/178JILI_home_menu.png]
[static.wixstatic.com/media/1b25b2_a83325b0a7da46bc961157719546ed0c_mv2.png/v1/fill/w_58,h_4,al_c,q_85,usm_0.66_1.00_0.01,blur_2,enc_avif,quality_auto/178JILI_home_Footer.png]
[static.wixstatic.com/media/1b25b2_5c36b28cdb204eb99a7d3b9bb59d16b2_mv2.png/v1/fill/w_174,h_273,al_c,q_85,usm_0.66_1.00_0.01,blur_3,enc_avif,quality_auto/178JILI_welcome-bonus_character.png]
[www.jili17888.com/media/emptystate.85a4add5.2f.delayed]
[static.wixstatic.com/media/1b25b2_7248ac14b018477287d5c873fde2c2f0_mv2.png/v1/fit/w_186,h_186,q_90/1b25b2_7248ac14b018477287d5c873fde2c2f0_mv2.png]
[static.wixstatic.com/media/1b25b2_8c08b344ea104f1b906e3f5be02bdab4_mv2.png/v1/fit/w_186,h_186,q_90/1b25b2_8c08b344ea104f1b906e3f5be02bdab4_mv2.png]
[static.wixstatic.com/media/1b25b2_5e6ed1af69f84a66a2b08e24db4ca4fb_mv2.png/v1/fit/w_186,h_186,q_90/1b25b2_5e6ed1af69f84a66a2b08e24db4ca4fb_mv2.png]
[static.wixstatic.com/media/1b25b2_9a3efe55164c40b5982f12150eaf67cc_mv2.png/v1/fit/w_186,h_186,q_90/1b25b2_9a3efe55164c40b5982f12150eaf67cc_mv2.png]
[static.wixstatic.com/media/1b25b2_3a125cf7158a458e95feb52ea8bf5f0e_mv2.png/v1/fit/w_186,h_186,q_90/1b25b2_3a125cf7158a458e95feb52ea8bf5f0e_mv2.png]
[static.wixstatic.com/media/1b25b2_1be204b5d7e14f0c972913882a416967_mv2.png/v1/fit/w_186,h_186,q_90/1b25b2_1be204b5d7e14f0c972913882a416967_mv2.png]
[static.wixstatic.com/media/1b25b2_37d59b27ca634576b76189c6ae201cd3_mv2.png/v1/fill/w_142,h_146,al_c,q_85,usm_0.66_1.00_0.01,blur_3,enc_avif,quality_auto/178JILI_100game.png]
[static.wixstatic.com/media/1b25b2_7a006bbdd5ec47fb849644a4dc9f00d0_mv2.png/v1/fill/w_142,h_146,al_c,q_85,usm_0.66_1.00_0.01,blur_3,enc_avif,quality_auto/178JILI_offer.png]
[static.wixstatic.com/media/1b25b2_26024a29b0c54db1bc725a006da50168_mv2.png/v1/fill/w_142,h_146,al_c,q_85,usm_0.66_1.00_0.01,blur_3,enc_avif,quality_auto/178JILI_tranfer.png]
[static.wixstatic.com/media/1b25b2_c789cd2f5a524c37b7fce256c42e8ce2_mv2.png/v1/fill/w_142,h_146,al_c,q_85,usm_0.66_1.00_0.01,blur_3,enc_avif,quality_auto/178JILI_device.png]
[static.wixstatic.com/media/1b25b2_ab587067dcd3446697d45b0d5b17ad45_mv2.png/v1/fill/w_100,h_100,al_c,q_85,blur_3,enc_avif,quality_auto/178JILI_bank-transfer.png]
[static.wixstatic.com/media/1b25b2_9301ed9b9faf43e4b70724af27b412a1_mv2.png/v1/fill/w_100,h_100,al_c,q_85,blur_3,enc_avif,quality_auto/178JILI_GCash.png]
[static.wixstatic.com/media/1b25b2_25d27d7fea5c4e35afda80276a3bd775_mv2.png/v1/fill/w_77,h_50,al_c,q_85,usm_0.66_1.00_0.01,blur_2,enc_avif,quality_auto/178JILI_play-now.png]
[static.wixstatic.com/media/1b25b2_44890ab433804907bd12e51f68ae5ab0_mv2.png/v1/fill/w_187,h_56,al_c,q_85,usm_0.66_1.00_0.01,blur_3,enc_avif,quality_auto/login_btn_login_normal.png]
[static.wixstatic.com/media/1b25b2_34dd71dc8998465e9a224d65a42030c9_mv2.png/v1/fill/w_187,h_56,al_c,q_85,usm_0.66_1.00_0.01,blur_3,enc_avif,quality_auto/login_btn_signup_normal.png]
[static.wixstatic.com/media/167697_93230b637e694a47a235776cd78ed2a2_mv2.png/v1/fill/w_192,h_70,al_c,q_85,usm_0.66_1.00_0.01,blur_3,enc_avif,quality_auto/220x80.png]
[static.wixstatic.com/media/1b25b2_7248ac14b018477287d5c873fde2c2f0_mv2.png/v1/fit/w_42,h_42,q_90/1b25b2_7248ac14b018477287d5c873fde2c2f0_mv2.png]
[static.wixstatic.com/media/1b25b2_8c08b344ea104f1b906e3f5be02bdab4_mv2.png/v1/fit/w_42,h_42,q_90/1b25b2_8c08b344ea104f1b906e3f5be02bdab4_mv2.png]
[static.wixstatic.com/media/1b25b2_5e6ed1af69f84a66a2b08e24db4ca4fb_mv2.png/v1/fit/w_42,h_42,q_90/1b25b2_5e6ed1af69f84a66a2b08e24db4ca4fb_mv2.png]
[static.wixstatic.com/media/1b25b2_9a3efe55164c40b5982f12150eaf67cc_mv2.png/v1/fit/w_42,h_42,q_90/1b25b2_9a3efe55164c40b5982f12150eaf67cc_mv2.png]
[static.wixstatic.com/media/1b25b2_3a125cf7158a458e95feb52ea8bf5f0e_mv2.png/v1/fit/w_42,h_42,q_90/1b25b2_3a125cf7158a458e95feb52ea8bf5f0e_mv2.png]
[static.wixstatic.com/media/1b25b2_1be204b5d7e14f0c972913882a416967_mv2.png/v1/fit/w_42,h_42,q_90/1b25b2_1be204b5d7e14f0c972913882a416967_mv2.png]
[static.wixstatic.com/media/1b25b2_6e655df233c64b8db8d03db453b7605b_mv2.png/v1/fit/w_42,h_42,q_90/1b25b2_6e655df233c64b8db8d03db453b7605b_mv2.png]
[static.wixstatic.com/media/1b25b2_695ca2ba45eb45b7836a698f82f121fc_mv2.png/v1/fit/w_42,h_42,q_90/1b25b2_695ca2ba45eb45b7836a698f82f121fc_mv2.png]
[static.wixstatic.com/media/1b25b2_4efca894793b4eeba69c42693b51bc3b_mv2.png/v1/fit/w_42,h_42,q_90/1b25b2_4efca894793b4eeba69c42693b51bc3b_mv2.png]
[static.wixstatic.com/media/1b25b2_4ff714be54264519871535f663aa1c90_mv2.png/v1/fit/w_42,h_42,q_90/1b25b2_4ff714be54264519871535f663aa1c90_mv2.png]
[static.wixstatic.com/media/1b25b2_62a5f39d7e1c4f3ba3a46171df1cae0c_mv2.png/v1/fit/w_42,h_42,q_90/1b25b2_62a5f39d7e1c4f3ba3a46171df1cae0c_mv2.png]
[www.jili17888.com/general-terms-and-conditions.html]
[www.jili17888.com/privacypolicy.html]
[www.jili17888.com/jili-slot-games/categories/best-jili-slot-game.html]
[static.wixstatic.com/media/1b25b2_dd744159e76b4821b31810c6b53127f7_mv2.png/v1/crop/x_0,y_60,w_249,h_78/fill/w_121,h_38,al_c,q_85,usm_0.66_1.00_0.01,blur_3,/_0000s_0000_325929__1447165477412_jpg_png.51.d]
[static.parastorage.com/services/wix-thunderbolt/dist/8875.4f0e86e1.bundle.min.js]
[browser.sentry-cdn.com/6.18.2/bundle.min.js]
[www.jili17888.com/sitemap.xml]
[www.jili17888.com/feed.55.delayed]
[static.parastorage.com/services/wix-thunderbolt/dist/thunderbolt-commons.41666b5b.bundle.min.js]
[static.parastorage.com/services/wix-thunderbolt/dist/main.0effdcc7.bundle.min.js]
[static.parastorage.com/services/wix-thunderbolt/dist/main.renderer.a20626f8.bundle.min.js]
[static.parastorage.com/unpkg/lodash@4.17.21/lodash.min.js]
[static.parastorage.com/unpkg/react@18.3.1/umd/react.production.min.js]
[static.parastorage.com/unpkg/react-dom@18.3.1/umd/react-dom.production.min.js]
[static.parastorage.com/services/wix-thunderbolt/dist/browser-deprecation.bundle.es5.js]
[www.jili17888.com/decodeURIComponent(e.5d.delayed]
[static.parastorage.com/services/tag-manager-client/1.920.0/siteTags.bundle.min.js]
[www.jili17888.com/index.html]
[www.jili17888.com/s.html]
[www.jili17888.com/t.html]
[static.wixstatic.com/media/38a25b_47ccc21ee6bd4cbaa1b565ec4d591836_mv2.jpg/v1/fill/w_109,h_62,al_c,q_80,usm_0.66_1.00_0.01,blur_2,enc_avif,quality_auto/38a25b_47ccc21ee6bd4cbaa1b565ec4d591836_mv2.jpg]
[static.wixstatic.com/media/38a25b_d8cda910969a4d54981ddbf1b257bd27_mv2.png/v1/fill/w_184,h_91,al_c,q_85,enc_avif,quality_auto/logo_jili_us-en.png]
[static.parastorage.com/services/wix-thunderbolt/dist/thunderbolt-commons.3dd94201.bundle.min.js]
[static.parastorage.com/services/wix-thunderbolt/dist/main.72e7f19d.bundle.min.js]
[www.jili17888.com/best-jili-slot-game.html]
[static.parastorage.com/services/communities-blog-ooi/1.2370.0/PostListViewerWidgetNoCss.bundle.min.js]
[static.wixstatic.com/media/38a25b_7d8d01c5fd154df6a9375f6982ab22bb_mv2.png/v1/fill/w_636,h_330,al_c,lg_1,q_85,enc_avif,quality_auto/image_2023-01-14_01-23-49.png]
[static.wixstatic.com/media/1b25b2_134017e5577a4217aa7ae3818f6bda20_mv2.png/v1/fill/w_600,h_330,al_c,q_85,usm_0.66_1.00_0.01,enc_avif,quality_auto/178jili-welcomebonus-step2.png]
[static.wixstatic.com/media/1b25b2_a123954372a741a1adaa428cd2eacc51_mv2.png/v1/fill/w_499,h_274,al_c,q_85,usm_0.66_1.00_0.01,enc_avif,quality_auto/178jili-welcomebonus-bank.png]
[static.wixstatic.com/media/1b25b2_da8ffc16b8434868b60e961fb8517625_mv2.png/v1/fill/w_500,h_263,al_c,q_85,usm_0.66_1.00_0.01,enc_avif,quality_auto/178jili-welcomebonus-GCash.png]
[static.wixstatic.com/media/1b25b2_25d27d7fea5c4e35afda80276a3bd775_mv2.png/v1/fill/w_51,h_33,al_c,q_85,usm_0.66_1.00_0.01,blur_2,enc_avif,quality_auto/178JILI_play-now.png]
[www.jili17888.com/welcome-bonus-150.html]
[static.wixstatic.com/media/167697_fe8f76b773d94bd8a4dfbed479cdfec9_mv2.jpg/v1/fill/w_875,h_337,al_c,q_80,usm_0.66_1.00_0.01,enc_avif,quality_auto/jili.jpg]
[static.wixstatic.com/media/167697_147242345c91493485f2d6e5426b50b4_mv2.png/v1/fill/w_213,h_64,al_c,q_85,usm_0.66_1.00_0.01,enc_avif,quality_auto/jili178 code.png]
[www.jili17888.com/jili178news.html]
[static.wixstatic.com/media/ecdfbf_3c684b317caf45ffbaf20243a7fa493f_mv2.png/v1/fill/w_56,h_15,al_c,q_85,usm_0.66_1.00_0.01,blur_2,enc_avif,quality_auto/Jilibet Online Casino Free Bonus-welcome bonus.png]
[static.wixstatic.com/media/ecdfbf_f55f178d1ac346d695384f4fc48aa543_mv2.jpg/v1/fill/w_90,h_67,al_c,q_80,usm_0.66_1.00_0.01,blur_2,enc_avif,quality_auto/Jilibet Online Casino-Daily Reload Bonus.jpg]
[www.jili17888.com/jilibet-login.html]
[www.jili17888.com/jili777-casino-login.html]
[static.wixstatic.com/media/ecdfbf_612daa2fcc2a4a5091d7515910d5deae_mv2.jpg/v1/crop/x_1087,y_0,w_681,h_454/fill/w_101,h_67,al_c,q_80,usm_0.66_1.00_0.01,blur_2,/JILI777-free 100 bonus 200% casino Philippi]
[static.wixstatic.com/media/ecdfbf_d95283e016b94190bffaf02406861dd2_mv2.jpg/v1/crop/x_765,y_0,w_681,h_454/fill/w_101,h_67,al_c,q_80,usm_0.66_1.00_0.01,blur_2,/JILI777-free 100 bonus casino Philippines.7e]
[static.wixstatic.com/media/1b25b2_ae2f1985cee94e6abba6f6a4abf10b20_mv2.png/v1/fill/w_73,h_73,al_c,q_85,usm_0.66_1.00_0.01,blur_2,enc_avif,quality_auto/1b25b2_ae2f1985cee94e6abba6f6a4abf10b20_mv2.png]
[static.wixstatic.com/media/1b25b2_3b085438040a4110b31a177baaddb8fe_mv2.png/v1/fill/w_73,h_68,al_c,q_85,usm_0.66_1.00_0.01,blur_2,enc_avif,quality_auto/mobile_casion-game_img_png.png]
[static.wixstatic.com/media/1b25b2_9b7b19b3cb8845eba72866ebedf937da_mv2.png/v1/fill/w_73,h_73,al_c,q_85,usm_0.66_1.00_0.01,blur_2,enc_avif,quality_auto/Lottery_bonus (1)_png.png]
[static.wixstatic.com/media/1b25b2_8fcc3d4598ae4f229533b748f6fd762d_mv2.png/v1/fill/w_66,h_73,al_c,q_85,usm_0.66_1.00_0.01,blur_2,enc_avif,quality_auto/Sport_png.png]
[static.wixstatic.com/media/1b25b2_2c989236aaf74d24bff1b63d441d5445_mv2.png/v1/fill/w_61,h_76,al_c,q_85,usm_0.66_1.00_0.01,blur_2,enc_avif,quality_auto/1b25b2_4c9d758a6b0748039d541b53b0f51b92_mv2.png]
[static.wixstatic.com/media/1b25b2_1a4fca95e8f04c2299e35f2c1645d29d_mv2.png/v1/fill/w_64,h_76,al_c,q_85,usm_0.66_1.00_0.01,blur_2,enc_avif,quality_auto/Fishing_game_icon_png.png]
[static.wixstatic.com/media/1b25b2_6a38758798a14a1eb4ea47844b70c902_mv2.png/v1/fill/w_79,h_68,al_c,q_85,usm_0.66_1.00_0.01,blur_2,enc_avif,quality_auto/jiliwin_welcome_img_png.png]
[static.wixstatic.com/media/1b25b2_40455a697e174269a658255b3e91cdcc_mv2.png/v1/fill/w_75,h_100,al_c,q_85,usm_0.66_1.00_0.01,blur_2,enc_avif,quality_auto/Solt_game_icon_png.png]
[www.jili17888.com/jili178agent.html]
[static.wixstatic.com/media/1b25b2_b2282f193fcb4edaba669318c8996f6c_mv2.png/v1/fill/w_450,h_330,al_c/1b25b2_b2282f193fcb4edaba669318c8996f6c_mv2ee3e.png]
[static.wixstatic.com/media/1b25b2_5ecd09643afc4d4583b63cbe544a4e9f_mv2.png/v1/fill/w_450,h_330,al_c/1b25b2_5ecd09643afc4d4583b63cbe544a4e9f_mv2f6f9.png]
[static.wixstatic.com/media/1b25b2_a51420a1f05e450196403095e76d6430_mv2.png/v1/fill/w_450,h_330,al_c/1b25b2_a51420a1f05e450196403095e76d6430_mv243a8.png]
[static.wixstatic.com/media/1b25b2_b66a6e493ed94617b7aa5064c27edd51_mv2.png/v1/fill/w_450,h_330,al_c/1b25b2_b66a6e493ed94617b7aa5064c27edd51_mv23f2d.png]
[static.wixstatic.com/media/1b25b2_7300dfe16f4c4df8b2d1e77666ce3778_mv2.png/v1/fill/w_450,h_330,al_c/1b25b2_7300dfe16f4c4df8b2d1e77666ce3778_mv2d3af.png]
[static.wixstatic.com/media/1b25b2_1a4289d5f6e444dd98ba136c2d5f0a4b_mv2.png/v1/fill/w_450,h_330,al_c/1b25b2_1a4289d5f6e444dd98ba136c2d5f0a4b_mv25a18.png]
[static.wixstatic.com/media/1b25b2_5e653f5ad3ca43d5b94ab6d282f57a27_mv2.png/v1/fill/w_450,h_330,al_c/1b25b2_5e653f5ad3ca43d5b94ab6d282f57a27_mv284c3.png]
[static.wixstatic.com/media/1b25b2_fc0e4df7e72342838f2d71dcf660ab7a_mv2.png/v1/fill/w_450,h_330,al_c/1b25b2_fc0e4df7e72342838f2d71dcf660ab7a_mv26d2b.png]
[static.wixstatic.com/media/1b25b2_e3e7505a0c15401ea7a36f145ae3317e_mv2.png/v1/fill/w_450,h_330,al_c/1b25b2_e3e7505a0c15401ea7a36f145ae3317e_mv29c5e.png]
[static.wixstatic.com/media/1b25b2_c7802fd8dd6048c79615e3385b54e2cb_mv2.png/v1/fill/w_450,h_330,al_c/1b25b2_c7802fd8dd6048c79615e3385b54e2cb_mv2a0d5.png]
[static.wixstatic.com/media/1b25b2_dc4562281ebe460cb2eff4193370a966_mv2.png/v1/fill/w_450,h_330,al_c/1b25b2_dc4562281ebe460cb2eff4193370a966_mv2ea19.png]
[static.wixstatic.com/media/1b25b2_ea9a30cbdc074d7d8487fafcd65f1ff8_mv2.png/v1/fill/w_450,h_330,al_c/1b25b2_ea9a30cbdc074d7d8487fafcd65f1ff8_mv2a754.png]
[static.wixstatic.com/media/1b25b2_25b8a31c8a9a4e0cab6b534ae3e50b7a_mv2.png/v1/fill/w_450,h_330,al_c/1b25b2_25b8a31c8a9a4e0cab6b534ae3e50b7a_mv2eb42.png]
[static.wixstatic.com/media/1b25b2_f5db378cea2840cca9066d72350b48e1_mv2.png/v1/fill/w_450,h_330,al_c/1b25b2_f5db378cea2840cca9066d72350b48e1_mv2c133.png]
[static.wixstatic.com/media/1b25b2_66082d1c9571408ead2e29be52e68ac1_mv2.png/v1/fill/w_450,h_330,al_c/1b25b2_66082d1c9571408ead2e29be52e68ac1_mv21fb1.png]
[static.wixstatic.com/media/1b25b2_c1471363263147019db8ae647a610185_mv2.png/v1/fill/w_450,h_330,al_c/1b25b2_c1471363263147019db8ae647a610185_mv20dce.png]
[static.wixstatic.com/media/1b25b2_70f71c582cf946048da1ba03ce0fbe08_mv2.png/v1/fill/w_450,h_330,al_c/1b25b2_70f71c582cf946048da1ba03ce0fbe08_mv233d6.png]
[static.wixstatic.com/media/1b25b2_40550dfedfe04590932321c31dc44ee2_mv2.png/v1/fill/w_450,h_330,al_c/1b25b2_40550dfedfe04590932321c31dc44ee2_mv29d6b.png]
[static.wixstatic.com/media/1b25b2_3377b8fb5f0b497f82c7baad50445d6c_mv2.png/v1/fill/w_381,h_381,al_c,q_85,usm_0.66_1.00_0.01,enc_avif,quality_auto/178JILI-SLOT.png]
[static.wixstatic.com/media/1b25b2_6b1a296af19e4dc59e72628bd688682b_mv2.png/v1/fill/w_381,h_381,al_c,q_85,usm_0.66_1.00_0.01,enc_avif,quality_auto/178JILI-Fishing.png]
[static.wixstatic.com/media/1b25b2_7ec87224036c454e8e64dfc70346b192_mv2.png/v1/fill/w_381,h_381,al_c,q_85,usm_0.66_1.00_0.01,enc_avif,quality_auto/178JILI-Card.png]
[static.wixstatic.com/media/1b25b2_6428138c27654e569775a6e32e2508d5_mv2.png/v1/fill/w_95,h_95,al_c,q_85,usm_0.66_1.00_0.01,blur_2,enc_avif,quality_auto/178JILI-Arcade.png]
[www.jili17888.com/games.html]
[static.wixstatic.com/media/ecdfbf_e9bf2dd5b515435d9bd1c56146ae199b_mv2.jpg/v1/fill/w_496,h_331,al_c,lg_1,q_80,enc_avif,quality_auto/Jiliko-free-100-bonus.jpg]
[static.wixstatic.com/media/ecdfbf_1890a82b4fc7468ea618da97cb0d2b55_mv2.jpg/v1/fill/w_101,h_67,al_c,q_80,usm_0.66_1.00_0.01,blur_2,enc_avif,quality_auto/Jiliko-free-300-welcome-bonus.jpg]
[static.wixstatic.com/media/ecdfbf_352968e1f8594d9882ccf8eecaa48e39_mv2.jpg/v1/fill/w_101,h_67,al_c,q_80,usm_0.66_1.00_0.01,blur_2,enc_avif,quality_auto/jiliko-everyday-deposit-bonus.jpg]
[www.jili17888.com/jiliko-casino-free-bonus.html]
[static.wixstatic.com/media/ecdfbf_b551283e55c34e0a9ab35e7db0064bd7_mv2.jpg/v1/fill/w_152,h_32,al_c,q_80,usm_0.66_1.00_0.01,blur_2,enc_avif,quality_auto/free-bonus-fc178-Jili178.jpg]
[static.wixstatic.com/media/ecdfbf_78c2efdaabf04990aa01647fe1291146_mv2.jpg/v1/fill/w_152,h_32,al_c,q_80,usm_0.66_1.00_0.01,blur_2,enc_avif,quality_auto/free-200-bonus-fc178-Jili178.jpg]
[static.wixstatic.com/media/ecdfbf_cdea28b5caef43e3a40761edb3b11e1a_mv2.jpg/v1/fill/w_152,h_32,al_c,q_80,usm_0.66_1.00_0.01,blur_2,enc_avif,quality_auto/free-100-bonus-fc178-Jili178.jpg]
[www.jili17888.com/fc178-casino.html]
[static.wixstatic.com/media/1b25b2_ab587067dcd3446697d45b0d5b17ad45_mv2.png/v1/fill/w_100,h_100,al_c,q_85,enc_avif,quality_auto/178JILI_bank-transfer.png]
[static.wixstatic.com/media/1b25b2_9301ed9b9faf43e4b70724af27b412a1_mv2.png/v1/fill/w_100,h_100,al_c,q_85,enc_avif,quality_auto/178JILI_GCash.png]
[www.jili17888.com/deposit-and-wthdrawals.html]
[www.jili17888.com/faq.html]
[www.jili17888.com/media/emptystate.85a4add5.html]
[www.jili17888.com/general-terms-and-conditions.html]
[www.jili17888.com/privacypolicy.html]
[www.jili17888.com/jili-slot-games/categories/s.c9.delayed]
[www.jili17888.com/jili-slot-games/categories/t.ca.delayed]
[www.jili17888.com/jili-slot-games.html]
[www.jili17888.com/jili-slot-games/categories/jili178-cash-in.html]
[www.jili17888.com/jili-slot-games/categories/gambling-platform.html]
[www.jili17888.com/jili-slot-games/categories/100-free-bonus-casino-no-deposit.html]
[www.jili17888.com/jili-slot-games/categories/best-fc-slot-game.html]
[www.jili17888.com/jili-slot-games/categories/game-that-pay-real-money-gcash.html]
[www.jili17888.com/jili-slot-games/categories/jiliko-casino.html]
[www.jili17888.com/jili-slot-games/categories/jili777-casino.html]
[www.jili17888.com/jili-slot-games/categories/jilibet-cash-casino.html]
[www.jili17888.com/jili-slot-games/categories/media/emptystate.85a4add5.d5.delayed]
[www.jili17888.com/jili-slot-games/categories/robots.d9.delayed]
[www.jili17888.com/jili-slot-games/categories/sitemap.da.delayed]
[www.jili17888.com/jili-slot-games/categories/feed.db.delayed]
[static.parastorage.com/services/communities-blog-ooi/1.2370.0/BlogViewerWidgetNoCss.bundle.min.js]
[www.jili17888.com/jili-slot-games/categories/decodeURIComponent(e.dd.delayed]
[www.jili17888.com/jili-slot-games/categories/best-jili-slot-game.html]
[www.jili17888.com/feed.html]
[www.jili17888.com/decodeURIComponent(e.html]
[www.jili17888.com/jili-slot-games/categories/s.html]
[www.jili17888.com/jili-slot-games/categories/t.html]
[www.jili17888.com/jili-slot-games.html]
[www.jili17888.com/jili-slot-games/categories/jili178-cash-in.html]
[www.jili17888.com/jili-slot-games/categories/gambling-platform.html]
[www.jili17888.com/jili-slot-games/categories/100-free-bonus-casino-no-deposit.html]
[www.jili17888.com/jili-slot-games/categories/best-fc-slot-game.html]
[www.jili17888.com/jili-slot-games/categories/game-that-pay-real-money-gcash.html]
[www.jili17888.com/jili-slot-games/categories/jiliko-casino.html]
[www.jili17888.com/jili-slot-games/categories/jili777-casino.html]
[www.jili17888.com/jili-slot-games/categories/jilibet-cash-casino.html]
[www.jili17888.com/jili-slot-games/categories/media/emptystate.85a4add5.html]
[www.jili17888.com/jili-slot-games/categories/robots.html]
[www.jili17888.com/jili-slot-games/categories/sitemap.html]
[www.jili17888.com/jili-slot-games/categories/feed.html]
[www.jili17888.com/jili-slot-games/categories/decodeURIComponent(e.html]
